SyntaxError: Expected double-quoted property name in JSON at position 59 (line 4 column 1)
    at JSON.parse (<anonymous>)
    at parse (C:\SMSolution\smart-home-backend\node_modules\body-parser\lib\types\json.js:74:19)
    at C:\SMSolution\smart-home-backend\node_modules\body-parser\lib\read.js:163:18
    at AsyncResource.runInAsyncScope (node:async_hooks:214:14)
    at invokeCallback (C:\SMSolution\smart-home-backend\node_modules\raw-body\index.js:238:16)
    at done (C:\SMSolution\smart-home-backend\node_modules\raw-body\index.js:227:7)
    at IncomingMessage.onEnd (C:\SMSolution\smart-home-backend\node_modules\raw-body\index.js:287:7)
    at IncomingMessage.emit (node:events:508:28)
    at endReadableNT (node:internal/streams/readable:1701:12)
    at process.processTicksAndRejections (node:internal/process/task_queues:89:21)
Error creating booking: TypeError: Cannot destructure property 'service_id' of 'req.body' as it is undefined.
    at C:\SMSolution\smart-home-backend\routes\bookings.js:11:13
    at Layer.handleRequest (C:\SMSolution\smart-home-backend\node_modules\router\lib\layer.js:152:17)
    at next (C:\SMSolution\smart-home-backend\node_modules\router\lib\route.js:157:13)
    at auth (C:\SMSolution\smart-home-backend\middleware\auth.js:27:5)
    at Layer.handleRequest (C:\SMSolution\smart-home-backend\node_modules\router\lib\layer.js:152:17)
    at next (C:\SMSolution\smart-home-backend\node_modules\router\lib\route.js:157:13)
    at Route.dispatch (C:\SMSolution\smart-home-backend\node_modules\router\lib\route.js:117:3)
    at handle (C:\SMSolution\smart-home-backend\node_modules\router\index.js:435:11)
    at Layer.handleRequest (C:\SMSolution\smart-home-backend\node_modules\router\lib\layer.js:152:17)
    at C:\SMSolution\smart-home-backend\node_modules\router\index.js:295:15
error: invalid input syntax for type integer: "provider"
    at C:\SMSolution\smart-home-backend\node_modules\pg-pool\index.js:45:11
    at process.processTicksAndRejections (node:internal/process/task_queues:103:5)
    at async C:\SMSolution\smart-home-backend\routes\bookings.js:61:20 {
  length: 151,
  severity: 'ERROR',
  code: '22P02',
  detail: undefined,
  hint: undefined,
  position: undefined,
  internalPosition: undefined,
  internalQuery: undefined,
  where: "unnamed portal parameter $1 = '...'",
  schema: undefined,
  table: undefined,
  column: undefined,
  dataType: undefined,
  constraint: undefined,
  file: 'numutils.c',
  line: '620',
  routine: 'pg_strtoint32_safe'
}
error: invalid input syntax for type integer: "pending"
    at C:\SMSolution\smart-home-backend\node_modules\pg-pool\index.js:45:11
    at process.processTicksAndRejections (node:internal/process/task_queues:103:5)
    at async C:\SMSolution\smart-home-backend\routes\bookings.js:61:20 {
  length: 150,
  severity: 'ERROR',
  code: '22P02',
  detail: undefined,
  hint: undefined,
  position: undefined,
  internalPosition: undefined,
  internalQuery: undefined,
  where: "unnamed portal parameter $1 = '...'",
  schema: undefined,
  table: undefined,
  column: undefined,
  dataType: undefined,
  constraint: undefined,
  file: 'numutils.c',
  line: '620',
  routine: 'pg_strtoint32_safe'
}
error: invalid input syntax for type integer: "pending"
    at C:\SMSolution\smart-home-backend\node_modules\pg-pool\index.js:45:11
    at process.processTicksAndRejections (node:internal/process/task_queues:103:5)
    at async C:\SMSolution\smart-home-backend\routes\bookings.js:61:20 {
  length: 150,
  severity: 'ERROR',
  code: '22P02',
  detail: undefined,
  hint: undefined,
  position: undefined,
  internalPosition: undefined,
  internalQuery: undefined,
  where: "unnamed portal parameter $1 = '...'",
  schema: undefined,
  table: undefined,
  column: undefined,
  dataType: undefined,
  constraint: undefined,
  file: 'numutils.c',
  line: '620',
  routine: 'pg_strtoint32_safe'
}
error: invalid input syntax for type integer: "ALL"
    at C:\SMSolution\smart-home-backend\node_modules\pg-pool\index.js:45:11
    at process.processTicksAndRejections (node:internal/process/task_queues:103:5)
    at async C:\SMSolution\smart-home-backend\routes\bookings.js:61:20 {
  length: 146,
  severity: 'ERROR',
  code: '22P02',
  detail: undefined,
  hint: undefined,
  position: undefined,
  internalPosition: undefined,
  internalQuery: undefined,
  where: "unnamed portal parameter $1 = '...'",
  schema: undefined,
  table: undefined,
  column: undefined,
  dataType: undefined,
  constraint: undefined,
  file: 'numutils.c',
  line: '620',
  routine: 'pg_strtoint32_safe'
}
error: invalid input syntax for type integer: "provider"
    at C:\SMSolution\smart-home-backend\node_modules\pg-pool\index.js:45:11
    at process.processTicksAndRejections (node:internal/process/task_queues:103:5)
    at async C:\SMSolution\smart-home-backend\routes\bookings.js:61:20 {
  length: 151,
  severity: 'ERROR',
  code: '22P02',
  detail: undefined,
  hint: undefined,
  position: undefined,
  internalPosition: undefined,
  internalQuery: undefined,
  where: "unnamed portal parameter $1 = '...'",
  schema: undefined,
  table: undefined,
  column: undefined,
  dataType: undefined,
  constraint: undefined,
  file: 'numutils.c',
  line: '620',
  routine: 'pg_strtoint32_safe'
}
error: invalid input syntax for type integer: "PENDING"
    at C:\SMSolution\smart-home-backend\node_modules\pg-pool\index.js:45:11
    at process.processTicksAndRejections (node:internal/process/task_queues:103:5)
    at async C:\SMSolution\smart-home-backend\routes\bookings.js:61:20 {
  length: 150,
  severity: 'ERROR',
  code: '22P02',
  detail: undefined,
  hint: undefined,
  position: undefined,
  internalPosition: undefined,
  internalQuery: undefined,
  where: "unnamed portal parameter $1 = '...'",
  schema: undefined,
  table: undefined,
  column: undefined,
  dataType: undefined,
  constraint: undefined,
  file: 'numutils.c',
  line: '620',
  routine: 'pg_strtoint32_safe'
}
error: invalid input syntax for type integer: "PENDING"
    at C:\SMSolution\smart-home-backend\node_modules\pg-pool\index.js:45:11
    at process.processTicksAndRejections (node:internal/process/task_queues:103:5)
    at async C:\SMSolution\smart-home-backend\routes\bookings.js:61:20 {
  length: 150,
  severity: 'ERROR',
  code: '22P02',
  detail: undefined,
  hint: undefined,
  position: undefined,
  internalPosition: undefined,
  internalQuery: undefined,
  where: "unnamed portal parameter $1 = '...'",
  schema: undefined,
  table: undefined,
  column: undefined,
  dataType: undefined,
  constraint: undefined,
  file: 'numutils.c',
  line: '620',
  routine: 'pg_strtoint32_safe'
}
error: invalid input syntax for type integer: "pending"
    at C:\SMSolution\smart-home-backend\node_modules\pg-pool\index.js:45:11
    at process.processTicksAndRejections (node:internal/process/task_queues:103:5)
    at async C:\SMSolution\smart-home-backend\routes\bookings.js:61:20 {
  length: 150,
  severity: 'ERROR',
  code: '22P02',
  detail: undefined,
  hint: undefined,
  position: undefined,
  internalPosition: undefined,
  internalQuery: undefined,
  where: "unnamed portal parameter $1 = '...'",
  schema: undefined,
  table: undefined,
  column: undefined,
  dataType: undefined,
  constraint: undefined,
  file: 'numutils.c',
  line: '620',
  routine: 'pg_strtoint32_safe'
}
error: invalid input syntax for type integer: "pending"
    at C:\SMSolution\smart-home-backend\node_modules\pg-pool\index.js:45:11
    at process.processTicksAndRejections (node:internal/process/task_queues:103:5)
    at async C:\SMSolution\smart-home-backend\routes\bookings.js:61:20 {
  length: 150,
  severity: 'ERROR',
  code: '22P02',
  detail: undefined,
  hint: undefined,
  position: undefined,
  internalPosition: undefined,
  internalQuery: undefined,
  where: "unnamed portal parameter $1 = '...'",
  schema: undefined,
  table: undefined,
  column: undefined,
  dataType: undefined,
  constraint: undefined,
  file: 'numutils.c',
  line: '620',
  routine: 'pg_strtoint32_safe'
}
error: invalid input syntax for type integer: "pending"
    at C:\SMSolution\smart-home-backend\node_modules\pg-pool\index.js:45:11
    at process.processTicksAndRejections (node:internal/process/task_queues:103:5)
    at async C:\SMSolution\smart-home-backend\routes\bookings.js:61:20 {
  length: 150,
  severity: 'ERROR',
  code: '22P02',
  detail: undefined,
  hint: undefined,
  position: undefined,
  internalPosition: undefined,
  internalQuery: undefined,
  where: "unnamed portal parameter $1 = '...'",
  schema: undefined,
  table: undefined,
  column: undefined,
  dataType: undefined,
  constraint: undefined,
  file: 'numutils.c',
  line: '620',
  routine: 'pg_strtoint32_safe'
}
error: invalid input syntax for type integer: "all"
    at C:\SMSolution\smart-home-backend\node_modules\pg-pool\index.js:45:11
    at process.processTicksAndRejections (node:internal/process/task_queues:103:5)
    at async C:\SMSolution\smart-home-backend\routes\bookings.js:61:20 {
  length: 146,
  severity: 'ERROR',
  code: '22P02',
  detail: undefined,
  hint: undefined,
  position: undefined,
  internalPosition: undefined,
  internalQuery: undefined,
  where: "unnamed portal parameter $1 = '...'",
  schema: undefined,
  table: undefined,
  column: undefined,
  dataType: undefined,
  constraint: undefined,
  file: 'numutils.c',
  line: '620',
  routine: 'pg_strtoint32_safe'
}
error: invalid input syntax for type integer: "provider"
    at C:\SMSolution\smart-home-backend\node_modules\pg-pool\index.js:45:11
    at process.processTicksAndRejections (node:internal/process/task_queues:103:5)
    at async C:\SMSolution\smart-home-backend\routes\bookings.js:61:20 {
  length: 151,
  severity: 'ERROR',
  code: '22P02',
  detail: undefined,
  hint: undefined,
  position: undefined,
  internalPosition: undefined,
  internalQuery: undefined,
  where: "unnamed portal parameter $1 = '...'",
  schema: undefined,
  table: undefined,
  column: undefined,
  dataType: undefined,
  constraint: undefined,
  file: 'numutils.c',
  line: '620',
  routine: 'pg_strtoint32_safe'
}
